<?xml version="1.0" encoding="UTF-8"?>
<!-- Generated by org.testng.reporters.JUnitXMLReporter -->
<testsuite hostname="DESKTOP-T64DMUJ" name="Default test" tests="3" failures="0" timestamp="22 May 2019 14:01:40 GMT" time="20.657" errors="0">
  <testcase name="loginaPP" time="0.026" classname="com.learn.automationtest.testCases.LoginTestCRM"/>
  <testcase name="test2" time="0.0" classname="com.learn.automationtest.testCases.LoginTestCRM"/>
  <testcase name="verifyinglogg" time="5.102" classname="com.learn.automationtest.testCases.LoginTestCRM"/>
</testsuite> <!-- Default test -->
