<?xml version="1.0" encoding="UTF-8"?>
<testng-results skipped="0" failed="0" total="3" passed="3">
  <reporter-output>
  </reporter-output>
  <suite name="Default suite" duration-ms="20657" started-at="2019-05-22T14:01:19Z" finished-at="2019-05-22T14:01:40Z">
    <groups>
    </groups>
    <test name="Default test" duration-ms="20657" started-at="2019-05-22T14:01:19Z" finished-at="2019-05-22T14:01:40Z">
      <class name="com.learn.automationtest.testCases.LoginTestCRM">
        <test-method status="PASS" signature="setup_Suite()[pri:0, instance:com.learn.automationtest.testCases.LoginTestCRM@16c0663d]" name="setup_Suite" is-config="true" duration-ms="483" started-at="2019-05-22T19:31:19Z" finished-at="2019-05-22T19:31:19Z">
          <reporter-output>
          </reporter-output>
        </test-method> <!-- setup_Suite -->
        <test-method status="PASS" signature="set_up()[pri:0, instance:com.learn.automationtest.testCases.LoginTestCRM@16c0663d]" name="set_up" is-config="true" duration-ms="13219" started-at="2019-05-22T19:31:19Z" finished-at="2019-05-22T19:31:33Z">
          <reporter-output>
          </reporter-output>
        </test-method> <!-- set_up -->
        <test-method status="PASS" signature="loginaPP()[pri:0, instance:com.learn.automationtest.testCases.LoginTestCRM@16c0663d]" name="loginaPP" duration-ms="26" started-at="2019-05-22T19:31:33Z" finished-at="2019-05-22T19:31:33Z">
          <reporter-output>
          </reporter-output>
        </test-method> <!-- loginaPP -->
        <test-method status="PASS" signature="tearDownMethod(org.testng.ITestResult)[pri:0, instance:com.learn.automationtest.testCases.LoginTestCRM@16c0663d]" name="tearDownMethod" is-config="true" duration-ms="702" started-at="2019-05-22T19:31:33Z" finished-at="2019-05-22T19:31:33Z">
          <params>
            <param index="0">
              <value>
                <![CDATA[[TestResult name=loginaPP status=SUCCESS method=LoginTestCRM.loginaPP()[pri:0, instance:com.learn.automationtest.testCases.LoginTestCRM@16c0663d] output={null}]]]>
              </value>
            </param>
          </params>
          <reporter-output>
          </reporter-output>
        </test-method> <!-- tearDownMethod -->
        <test-method status="PASS" signature="test2()[pri:0, instance:com.learn.automationtest.testCases.LoginTestCRM@16c0663d]" name="test2" duration-ms="0" started-at="2019-05-22T19:31:33Z" finished-at="2019-05-22T19:31:33Z">
          <reporter-output>
          </reporter-output>
        </test-method> <!-- test2 -->
        <test-method status="PASS" signature="tearDownMethod(org.testng.ITestResult)[pri:0, instance:com.learn.automationtest.testCases.LoginTestCRM@16c0663d]" name="tearDownMethod" is-config="true" duration-ms="479" started-at="2019-05-22T19:31:33Z" finished-at="2019-05-22T19:31:34Z">
          <params>
            <param index="0">
              <value>
                <![CDATA[[TestResult name=test2 status=SUCCESS method=LoginTestCRM.test2()[pri:0, instance:com.learn.automationtest.testCases.LoginTestCRM@16c0663d] output={null}]]]>
              </value>
            </param>
          </params>
          <reporter-output>
          </reporter-output>
        </test-method> <!-- tearDownMethod -->
        <test-method status="PASS" signature="verifyinglogg()[pri:0, instance:com.learn.automationtest.testCases.LoginTestCRM@16c0663d]" name="verifyinglogg" duration-ms="5102" started-at="2019-05-22T19:31:34Z" finished-at="2019-05-22T19:31:39Z">
          <reporter-output>
          </reporter-output>
        </test-method> <!-- verifyinglogg -->
        <test-method status="PASS" signature="tearDownMethod(org.testng.ITestResult)[pri:0, instance:com.learn.automationtest.testCases.LoginTestCRM@16c0663d]" name="tearDownMethod" is-config="true" duration-ms="465" started-at="2019-05-22T19:31:39Z" finished-at="2019-05-22T19:31:39Z">
          <params>
            <param index="0">
              <value>
                <![CDATA[[TestResult name=verifyinglogg status=SUCCESS method=LoginTestCRM.verifyinglogg()[pri:0, instance:com.learn.automationtest.testCases.LoginTestCRM@16c0663d] output={null}]]]>
              </value>
            </param>
          </params>
          <reporter-output>
          </reporter-output>
        </test-method> <!-- tearDownMethod -->
        <test-method status="PASS" signature="tearDown()[pri:0, instance:com.learn.automationtest.testCases.LoginTestCRM@16c0663d]" name="tearDown" is-config="true" duration-ms="651" started-at="2019-05-22T19:31:39Z" finished-at="2019-05-22T19:31:40Z">
          <reporter-output>
          </reporter-output>
        </test-method> <!-- tearDown -->
      </class> <!-- com.learn.automationtest.testCases.LoginTestCRM -->
    </test> <!-- Default test -->
  </suite> <!-- Default suite -->
</testng-results>
